

Started GET "/" for 10.0.2.2 at 2016-04-04 14:38:20 +0000

SyntaxError (/vagrant/Projects/rails/sample_app/app/controllers/application_controller.rb:6: syntax error, unexpected ':', expecting ';' or '\n'
/vagrant/Projects/rails/sample_app/app/controllers/application_controller.rb:9: syntax error, unexpected keyword_end, expecting end-of-input):
  app/controllers/application_controller.rb:6: syntax error, unexpected ':', expecting ';' or '\n'
  app/controllers/application_controller.rb:9: syntax error, unexpected keyword_end, expecting end-of-input


  Rendered /home/vagrant/.rbenv/versions/2.2.3/lib/ruby/gems/2.2.0/gems/web-console-2.0.0.beta3/lib/action_dispatch/templates/rescues/_source.erb (4.3ms)
  Rendered /home/vagrant/.rbenv/versions/2.2.3/lib/ruby/gems/2.2.0/gems/web-console-2.0.0.beta3/lib/action_dispatch/templates/rescues/_trace.html.erb (2.1ms)
  Rendered /home/vagrant/.rbenv/versions/2.2.3/lib/ruby/gems/2.2.0/gems/web-console-2.0.0.beta3/lib/action_dispatch/templates/rescues/_request_and_response.html.erb (55.5ms)
  Rendered /home/vagrant/.rbenv/versions/2.2.3/lib/ruby/gems/2.2.0/gems/web-console-2.0.0.beta3/lib/action_dispatch/templates/rescues/_web_console.html.erb (1.2ms)
  Rendered /home/vagrant/.rbenv/versions/2.2.3/lib/ruby/gems/2.2.0/gems/web-console-2.0.0.beta3/lib/action_dispatch/templates/rescues/diagnostics.html.erb within rescues/layout (119.3ms)


Started GET "/" for 10.0.2.2 at 2016-04-04 14:39:47 +0000
Processing by ApplicationController#hello as HTML
  Rendered text template (0.1ms)
Completed 200 OK in 134ms (Views: 98.7ms | ActiveRecord: 0.0ms)


Started GET "/" for 10.0.2.2 at 2016-04-04 14:44:22 +0000
Processing by ApplicationController#hello as HTML
  Rendered text template (0.0ms)
Completed 200 OK in 86ms (Views: 42.4ms | ActiveRecord: 0.0ms)


Started GET "/" for 10.0.2.2 at 2016-04-04 14:50:20 +0000
Processing by ApplicationController#hello as HTML
  Rendered text template (0.1ms)
Completed 200 OK in 85ms (Views: 44.8ms | ActiveRecord: 0.0ms)


Started GET "/" for 10.0.2.2 at 2016-04-04 14:59:07 +0000
Processing by ApplicationController#hello as HTML
  Rendered text template (0.0ms)
Completed 200 OK in 79ms (Views: 38.6ms | ActiveRecord: 0.0ms)
